<?xml version="1.0" encoding="UTF-8"?>
<!-- Generated by org.testng.reporters.JUnitReportReporter -->
<testsuite hostname="DESKTOP-T261M5B" failures="0" tests="1" name="com.actitime.testscript.ProjectModule" time="0.040" errors="0" timestamp="2023-04-13T15:28:34 IST" skipped="0">
  <testcase classname="com.actitime.testscript.ProjectModule" name="createProject" time="0.040"/>
  <system-out>
    <![CDATA[Project Created]]>
  </system-out>
</testsuite> <!-- com.actitime.testscript.ProjectModule -->
